<?xml version="1.0" encoding="UTF-8"?>
<testng-results ignored="0" total="2" passed="2" failed="0" skipped="0">
  <reporter-output>
  </reporter-output>
  <suite started-at="2022-03-08T12:56:44 IST" name="Default suite" finished-at="2022-03-08T12:57:54 IST" duration-ms="69909">
    <groups>
      <group name="cucumber">
        <method signature="AbstractTestNGCucumberTests.runScenario(io.cucumber.testng.PickleWrapper,io.cucumber.testng.FeatureWrapper)[pri:0, instance:runners.GooglePageRunner@5c33f1a9]" name="runScenario" class="io.cucumber.testng.AbstractTestNGCucumberTests"/>
      </group> <!-- cucumber -->
    </groups>
    <test started-at="2022-03-08T12:56:44 IST" name="Default test" finished-at="2022-03-08T12:57:54 IST" duration-ms="69909">
      <class name="runners.GooglePageRunner">
        <test-method is-config="true" signature="setUpClass(org.testng.ITestContext)[pri:0, instance:runners.GooglePageRunner@5c33f1a9]" started-at="2022-03-08T12:56:44 IST" name="setUpClass" finished-at="2022-03-08T12:56:45 IST" duration-ms="1139" status="PASS">
          <params>
            <param index="0">
              <value>
                <![CDATA[org.testng.TestRunner@4167d97b]]>
              </value>
            </param>
          </params>
          <reporter-output>
          </reporter-output>
        </test-method> <!-- setUpClass -->
        <test-method signature="runScenario(io.cucumber.testng.PickleWrapper,io.cucumber.testng.FeatureWrapper)[pri:0, instance:runners.GooglePageRunner@5c33f1a9]" started-at="2022-03-08T12:56:45 IST" name="runScenario" description="Runs Cucumber Scenarios" data-provider="scenarios" finished-at="2022-03-08T12:57:49 IST" duration-ms="63781" status="PASS">
          <params>
            <param index="0">
              <value>
                <![CDATA["Jave search"]]>
              </value>
            </param>
            <param index="1">
              <value>
                <![CDATA["Optional[Google page search]"]]>
              </value>
            </param>
          </params>
          <reporter-output>
          </reporter-output>
        </test-method> <!-- runScenario -->
        <test-method signature="runScenario(io.cucumber.testng.PickleWrapper,io.cucumber.testng.FeatureWrapper)[pri:0, instance:runners.GooglePageRunner@5c33f1a9]" started-at="2022-03-08T12:56:45 IST" name="runScenario" description="Runs Cucumber Scenarios" data-provider="scenarios" finished-at="2022-03-08T12:57:53 IST" duration-ms="68344" status="PASS">
          <params>
            <param index="0">
              <value>
                <![CDATA["Selenium search"]]>
              </value>
            </param>
            <param index="1">
              <value>
                <![CDATA["Optional[Google page search]"]]>
              </value>
            </param>
          </params>
          <reporter-output>
          </reporter-output>
        </test-method> <!-- runScenario -->
        <test-method is-config="true" signature="tearDownClass()[pri:0, instance:runners.GooglePageRunner@5c33f1a9]" started-at="2022-03-08T12:57:53 IST" name="tearDownClass" finished-at="2022-03-08T12:57:54 IST" duration-ms="15" status="PASS">
          <reporter-output>
          </reporter-output>
        </test-method> <!-- tearDownClass -->
      </class> <!-- runners.GooglePageRunner -->
    </test> <!-- Default test -->
  </suite> <!-- Default suite -->
</testng-results>
